

config interface 'loopback'
	option device 'lo'
	option proto 'static'
	option ipaddr '127.0.0.1'
	option netmask '255.0.0.0'

config globals 'globals'
	option ula_prefix 'fd09:caa1:6e7f::/48'

config device
	option name 'br-lan'
	option type 'bridge'
	list ports 'eth0'

config device
	option name 'eth0'
	option macaddr 'b4:4d:43:d1:b0:7f'

config interface 'lan'
	option device 'br-lan'
	option proto 'static'
	option ipaddr '192.168.1.1'
	option netmask '255.255.255.0'
	option ip6assign '60'

config device
	option name 'eth1'
	option macaddr 'b4:4d:43:d1:b0:7f'

config interface 'wan'
	option device 'eth1'
	option proto 'dhcp'

config interface 'wan6'
	option device 'eth1'
	option proto 'dhcpv6'

config switch
	option name 'switch0'
	option reset '1'
	option enable_vlan '1'

config switch_vlan
	option device 'switch0'
	option vlan '1'
	option ports '0 1 2 6'

root@Openwrt:/# 